app/build/intermediates/manifest_merge_blame_file/release/manifest-merger-blame-release-report.txt
1<?xml version="1.0" encoding="utf-8"?>
2<manifest xmlns:android="http://schemas.android.com/apk/res/android"
3    package="com.ecorp.MentorConnect"
4    android:versionCode="1"
5    android:versionName="1.0" >
6
7    <uses-sdk
8        android:minSdkVersion="16"
8-->src\main\AndroidManifest.xml
9        android:targetSdkVersion="27" />
9-->src\main\AndroidManifest.xml
10
11    <uses-permission android:name="android.permission.WRITE_EXTERNAL_STORAGE" />
11-->src\main\AndroidManifest.xml:57:5-81
11-->src\main\AndroidManifest.xml:57:22-78
12    <uses-permission android:name="android.permission.READ_EXTERNAL_STORAGE" />
12-->src\main\AndroidManifest.xml:58:5-80
12-->src\main\AndroidManifest.xml:58:22-77
13    <uses-permission android:name="android.permission.INTERNET" />
13-->src\main\AndroidManifest.xml:60:5-67
13-->src\main\AndroidManifest.xml:60:22-64
14    <uses-permission android:name="android.permission.ACCESS_NETWORK_STATE" />
14-->[com.google.firebase:firebase-measurement-connector-impl:16.0.1] AndroidManifest.xml:23:5-79
14-->[com.google.firebase:firebase-measurement-connector-impl:16.0.1] AndroidManifest.xml:23:22-76
15    <uses-permission android:name="android.permission.WAKE_LOCK" />
15-->[com.google.firebase:firebase-measurement-connector-impl:16.0.1] AndroidManifest.xml:24:5-68
15-->[com.google.firebase:firebase-measurement-connector-impl:16.0.1] AndroidManifest.xml:24:22-65
16    <uses-permission android:name="com.google.android.finsky.permission.BIND_GET_INSTALL_REFERRER_SERVICE" /> <!-- Required by older versions of Google Play services to create IID tokens -->
16-->[com.google.firebase:firebase-analytics:16.0.1] AndroidManifest.xml:26:5-110
16-->[com.google.firebase:firebase-analytics:16.0.1] AndroidManifest.xml:26:22-107
17    <uses-permission android:name="com.google.android.c2dm.permission.RECEIVE" />
17-->[com.google.firebase:firebase-iid:17.0.1] AndroidManifest.xml:26:5-82
17-->[com.google.firebase:firebase-iid:17.0.1] AndroidManifest.xml:26:22-79
18
19    <application
19-->src\main\AndroidManifest.xml:5:5-56:19
20        android:allowBackup="true"
20-->src\main\AndroidManifest.xml:6:9-35
21        android:icon="@mipmap/mclogo"
21-->src\main\AndroidManifest.xml:7:9-38
22        android:label="@string/app_name"
22-->src\main\AndroidManifest.xml:8:9-41
23        android:roundIcon="@mipmap/mclogo_round"
23-->src\main\AndroidManifest.xml:9:9-49
24        android:supportsRtl="true"
24-->src\main\AndroidManifest.xml:10:9-35
25        android:theme="@style/AppTheme" >
25-->src\main\AndroidManifest.xml:11:9-40
26        <activity android:name="com.ecorp.MentorConnect.ViewProfileActivity" />
26-->src\main\AndroidManifest.xml:12:9-66
26-->src\main\AndroidManifest.xml:12:19-54
27        <activity android:name="com.ecorp.MentorConnect.OptionPage" />
27-->src\main\AndroidManifest.xml:13:9-57
27-->src\main\AndroidManifest.xml:13:19-45
28        <activity android:name="com.ecorp.MentorConnect.RegisterActivity_Mentee" />
28-->src\main\AndroidManifest.xml:14:9-70
28-->src\main\AndroidManifest.xml:14:19-58
29        <activity
29-->src\main\AndroidManifest.xml:16:9-24:20
30            android:name="com.ecorp.MentorConnect.StartActivity"
30-->src\main\AndroidManifest.xml:17:13-42
31            android:windowSoftInputMode="stateAlwaysHidden" >
31-->src\main\AndroidManifest.xml:18:13-60
32            <intent-filter>
32-->src\main\AndroidManifest.xml:19:13-23:29
33                <action android:name="android.intent.action.MAIN" />
33-->src\main\AndroidManifest.xml:20:17-69
33-->src\main\AndroidManifest.xml:20:25-66
34
35                <category android:name="android.intent.category.LAUNCHER" />
35-->src\main\AndroidManifest.xml:22:17-77
35-->src\main\AndroidManifest.xml:22:27-74
36            </intent-filter>
37        </activity>
38        <activity
38-->src\main\AndroidManifest.xml:25:9-28:63
39            android:name="com.ecorp.MentorConnect.RegisterActivity"
39-->src\main\AndroidManifest.xml:26:13-45
40            android:parentActivityName="com.ecorp.MentorConnect.StartActivity"
40-->src\main\AndroidManifest.xml:27:13-56
41            android:windowSoftInputMode="stateAlwaysHidden" />
41-->src\main\AndroidManifest.xml:28:13-60
42        <activity android:name="com.ecorp.MentorConnect.MainActivity" />
42-->src\main\AndroidManifest.xml:29:9-50
42-->src\main\AndroidManifest.xml:29:19-47
43        <activity
43-->src\main\AndroidManifest.xml:30:9-33:63
44            android:name="com.ecorp.MentorConnect.LoginActivity"
44-->src\main\AndroidManifest.xml:31:13-42
45            android:parentActivityName="com.ecorp.MentorConnect.StartActivity"
45-->src\main\AndroidManifest.xml:32:13-56
46            android:windowSoftInputMode="stateAlwaysHidden" />
46-->src\main\AndroidManifest.xml:33:13-60
47        <activity android:name="com.ecorp.MentorConnect.MessageActivity" />
47-->src\main\AndroidManifest.xml:34:9-53
47-->src\main\AndroidManifest.xml:34:19-50
48        <activity
48-->src\main\AndroidManifest.xml:35:9-38:63
49            android:name="com.ecorp.MentorConnect.ResetPasswordActivity"
49-->src\main\AndroidManifest.xml:36:13-50
50            android:parentActivityName="com.ecorp.MentorConnect.LoginActivity"
50-->src\main\AndroidManifest.xml:37:13-56
51            android:windowSoftInputMode="stateAlwaysHidden" />
51-->src\main\AndroidManifest.xml:38:13-60
52
53        <service
53-->src\main\AndroidManifest.xml:40:9-47:19
54            android:name="com.ecorp.MentorConnect.Notifications.MyFirebaseIdService"
54-->src\main\AndroidManifest.xml:41:13-62
55            android:enabled="true"
55-->src\main\AndroidManifest.xml:42:13-35
56            android:exported="true" >
56-->src\main\AndroidManifest.xml:43:13-36
57            <intent-filter>
57-->src\main\AndroidManifest.xml:44:13-46:29
58                <action android:name="com.google.firebase.INSTANCE_ID_EVENT" />
58-->src\main\AndroidManifest.xml:45:17-80
58-->src\main\AndroidManifest.xml:45:25-77
59            </intent-filter>
60        </service>
61        <service
61-->src\main\AndroidManifest.xml:48:9-55:19
62            android:name="com.ecorp.MentorConnect.Notifications.MyFirebaseMessaging"
62-->src\main\AndroidManifest.xml:49:13-62
63            android:enabled="true"
63-->src\main\AndroidManifest.xml:50:13-35
64            android:exported="true" >
64-->src\main\AndroidManifest.xml:51:13-36
65            <intent-filter>
65-->src\main\AndroidManifest.xml:52:13-54:29
66                <action android:name="com.google.firebase.MESSAGING_EVENT" />
66-->src\main\AndroidManifest.xml:53:17-78
66-->src\main\AndroidManifest.xml:53:25-75
67            </intent-filter>
68        </service>
69
70        <activity
70-->[com.google.firebase:firebase-auth:16.0.2] AndroidManifest.xml:23:9-29:75
71            android:name="com.google.firebase.auth.internal.FederatedSignInActivity"
71-->[com.google.firebase:firebase-auth:16.0.2] AndroidManifest.xml:24:13-85
72            android:excludeFromRecents="true"
72-->[com.google.firebase:firebase-auth:16.0.2] AndroidManifest.xml:25:13-46
73            android:exported="true"
73-->[com.google.firebase:firebase-auth:16.0.2] AndroidManifest.xml:26:13-36
74            android:launchMode="singleInstance"
74-->[com.google.firebase:firebase-auth:16.0.2] AndroidManifest.xml:27:13-48
75            android:permission="com.google.firebase.auth.api.gms.permission.LAUNCH_FEDERATED_SIGN_IN"
75-->[com.google.firebase:firebase-auth:16.0.2] AndroidManifest.xml:28:13-102
76            android:theme="@android:style/Theme.Translucent.NoTitleBar" />
76-->[com.google.firebase:firebase-auth:16.0.2] AndroidManifest.xml:29:13-72
77
78        <service
78-->[com.google.firebase:firebase-auth:16.0.2] AndroidManifest.xml:31:9-35:19
79            android:name="com.google.firebase.components.ComponentDiscoveryService"
79-->[com.google.firebase:firebase-auth:16.0.2] AndroidManifest.xml:31:18-89
80            android:exported="false" >
80-->[com.google.firebase:firebase-iid:17.0.1] AndroidManifest.xml:31:13-37
81            <meta-data
81-->[com.google.firebase:firebase-auth:16.0.2] AndroidManifest.xml:32:13-34:85
82                android:name="com.google.firebase.components:com.google.firebase.auth.FirebaseAuthRegistrar"
82-->[com.google.firebase:firebase-auth:16.0.2] AndroidManifest.xml:33:17-109
83                android:value="com.google.firebase.components.ComponentRegistrar" />
83-->[com.google.firebase:firebase-auth:16.0.2] AndroidManifest.xml:34:17-82
84            <meta-data
84-->[com.google.firebase:firebase-measurement-connector-impl:16.0.1] AndroidManifest.xml:28:13-30:85
85                android:name="com.google.firebase.components:com.google.firebase.analytics.connector.internal.AnalyticsConnectorRegistrar"
85-->[com.google.firebase:firebase-measurement-connector-impl:16.0.1] AndroidManifest.xml:29:17-139
86                android:value="com.google.firebase.components.ComponentRegistrar" />
86-->[com.google.firebase:firebase-measurement-connector-impl:16.0.1] AndroidManifest.xml:30:17-82
87            <meta-data
87-->[com.google.firebase:firebase-iid:17.0.1] AndroidManifest.xml:32:13-34:85
88                android:name="com.google.firebase.components:com.google.firebase.iid.Registrar"
88-->[com.google.firebase:firebase-iid:17.0.1] AndroidManifest.xml:33:17-96
89                android:value="com.google.firebase.components.ComponentRegistrar" />
89-->[com.google.firebase:firebase-iid:17.0.1] AndroidManifest.xml:34:17-82
90        </service>
91        <!--
92             FirebaseMessagingService performs security checks at runtime,
93             no need for explicit permissions despite exported="true"
94        -->
95        <service
95-->[com.google.firebase:firebase-messaging:17.3.1] AndroidManifest.xml:28:9-34:19
96            android:name="com.google.firebase.messaging.FirebaseMessagingService"
96-->[com.google.firebase:firebase-messaging:17.3.1] AndroidManifest.xml:29:13-82
97            android:exported="true" >
97-->[com.google.firebase:firebase-messaging:17.3.1] AndroidManifest.xml:30:13-36
98            <intent-filter android:priority="-500" >
98-->src\main\AndroidManifest.xml:52:13-54:29
99                <action android:name="com.google.firebase.MESSAGING_EVENT" />
99-->src\main\AndroidManifest.xml:53:17-78
99-->src\main\AndroidManifest.xml:53:25-75
100            </intent-filter>
101        </service>
102
103        <receiver
103-->[com.google.firebase:firebase-analytics:16.0.1] AndroidManifest.xml:29:9-33:20
104            android:name="com.google.android.gms.measurement.AppMeasurementReceiver"
104-->[com.google.firebase:firebase-analytics:16.0.1] AndroidManifest.xml:30:13-85
105            android:enabled="true"
105-->[com.google.firebase:firebase-analytics:16.0.1] AndroidManifest.xml:31:13-35
106            android:exported="false" >
106-->[com.google.firebase:firebase-analytics:16.0.1] AndroidManifest.xml:32:13-37
107        </receiver>
108        <receiver
108-->[com.google.firebase:firebase-analytics:16.0.1] AndroidManifest.xml:34:9-42:20
109            android:name="com.google.android.gms.measurement.AppMeasurementInstallReferrerReceiver"
109-->[com.google.firebase:firebase-analytics:16.0.1] AndroidManifest.xml:35:13-100
110            android:enabled="true"
110-->[com.google.firebase:firebase-analytics:16.0.1] AndroidManifest.xml:36:13-35
111            android:exported="true"
111-->[com.google.firebase:firebase-analytics:16.0.1] AndroidManifest.xml:37:13-36
112            android:permission="android.permission.INSTALL_PACKAGES" >
112-->[com.google.firebase:firebase-analytics:16.0.1] AndroidManifest.xml:38:13-69
113            <intent-filter>
113-->[com.google.firebase:firebase-analytics:16.0.1] AndroidManifest.xml:39:13-41:29
114                <action android:name="com.android.vending.INSTALL_REFERRER" />
114-->[com.google.firebase:firebase-analytics:16.0.1] AndroidManifest.xml:40:17-79
114-->[com.google.firebase:firebase-analytics:16.0.1] AndroidManifest.xml:40:25-76
115            </intent-filter>
116        </receiver>
117
118        <service
118-->[com.google.firebase:firebase-analytics:16.0.1] AndroidManifest.xml:44:9-47:40
119            android:name="com.google.android.gms.measurement.AppMeasurementService"
119-->[com.google.firebase:firebase-analytics:16.0.1] AndroidManifest.xml:45:13-84
120            android:enabled="true"
120-->[com.google.firebase:firebase-analytics:16.0.1] AndroidManifest.xml:46:13-35
121            android:exported="false" />
121-->[com.google.firebase:firebase-analytics:16.0.1] AndroidManifest.xml:47:13-37
122        <service
122-->[com.google.firebase:firebase-analytics:16.0.1] AndroidManifest.xml:48:9-52:72
123            android:name="com.google.android.gms.measurement.AppMeasurementJobService"
123-->[com.google.firebase:firebase-analytics:16.0.1] AndroidManifest.xml:49:13-87
124            android:enabled="true"
124-->[com.google.firebase:firebase-analytics:16.0.1] AndroidManifest.xml:50:13-35
125            android:exported="false"
125-->[com.google.firebase:firebase-analytics:16.0.1] AndroidManifest.xml:51:13-37
126            android:permission="android.permission.BIND_JOB_SERVICE" />
126-->[com.google.firebase:firebase-analytics:16.0.1] AndroidManifest.xml:52:13-69
127
128        <receiver
128-->[com.google.firebase:firebase-iid:17.0.1] AndroidManifest.xml:37:9-44:20
129            android:name="com.google.firebase.iid.FirebaseInstanceIdReceiver"
129-->[com.google.firebase:firebase-iid:17.0.1] AndroidManifest.xml:38:13-78
130            android:exported="true"
130-->[com.google.firebase:firebase-iid:17.0.1] AndroidManifest.xml:39:13-36
131            android:permission="com.google.android.c2dm.permission.SEND" >
131-->[com.google.firebase:firebase-iid:17.0.1] AndroidManifest.xml:40:13-73
132            <intent-filter>
132-->[com.google.firebase:firebase-iid:17.0.1] AndroidManifest.xml:41:13-43:29
133                <action android:name="com.google.android.c2dm.intent.RECEIVE" />
133-->[com.google.firebase:firebase-iid:17.0.1] AndroidManifest.xml:42:17-81
133-->[com.google.firebase:firebase-iid:17.0.1] AndroidManifest.xml:42:25-78
134            </intent-filter>
135        </receiver>
136        <!--
137             FirebaseInstanceIdService performs security checks at runtime,
138             no need for explicit permissions despite exported="true"
139        -->
140        <service
140-->[com.google.firebase:firebase-iid:17.0.1] AndroidManifest.xml:50:9-56:19
141            android:name="com.google.firebase.iid.FirebaseInstanceIdService"
141-->[com.google.firebase:firebase-iid:17.0.1] AndroidManifest.xml:51:13-77
142            android:exported="true" >
142-->[com.google.firebase:firebase-iid:17.0.1] AndroidManifest.xml:52:13-36
143            <intent-filter android:priority="-500" >
143-->src\main\AndroidManifest.xml:44:13-46:29
144                <action android:name="com.google.firebase.INSTANCE_ID_EVENT" />
144-->src\main\AndroidManifest.xml:45:17-80
144-->src\main\AndroidManifest.xml:45:25-77
145            </intent-filter>
146        </service>
147
148        <activity
148-->[com.google.android.gms:play-services-base:15.0.1] AndroidManifest.xml:23:9-26:75
149            android:name="com.google.android.gms.common.api.GoogleApiActivity"
149-->[com.google.android.gms:play-services-base:15.0.1] AndroidManifest.xml:24:13-79
150            android:exported="false"
150-->[com.google.android.gms:play-services-base:15.0.1] AndroidManifest.xml:25:13-37
151            android:theme="@android:style/Theme.Translucent.NoTitleBar" />
151-->[com.google.android.gms:play-services-base:15.0.1] AndroidManifest.xml:26:13-72
152
153        <provider
153-->[com.google.firebase:firebase-common:16.0.1] AndroidManifest.xml:10:9-14:39
154            android:name="com.google.firebase.provider.FirebaseInitProvider"
154-->[com.google.firebase:firebase-common:16.0.1] AndroidManifest.xml:11:13-77
155            android:authorities="com.ecorp.MentorConnect.firebaseinitprovider"
155-->[com.google.firebase:firebase-common:16.0.1] AndroidManifest.xml:12:13-72
156            android:exported="false"
156-->[com.google.firebase:firebase-common:16.0.1] AndroidManifest.xml:13:13-37
157            android:initOrder="100" />
157-->[com.google.firebase:firebase-common:16.0.1] AndroidManifest.xml:14:13-36
158
159        <meta-data
159-->[com.google.android.gms:play-services-basement:15.0.1] AndroidManifest.xml:23:9-25:69
160            android:name="com.google.android.gms.version"
160-->[com.google.android.gms:play-services-basement:15.0.1] AndroidManifest.xml:24:13-58
161            android:value="@integer/google_play_services_version" />
161-->[com.google.android.gms:play-services-basement:15.0.1] AndroidManifest.xml:25:13-66
162    </application>
163
164</manifest>